<?xml version="1.0" encoding="UTF-8"?>
<!-- Generated by org.testng.reporters.JUnitReportReporter -->
<testsuite hostname="Che-Lt-Rajak" name="com.doosan.nao.pagfactory.classOrderTest.SelectOrgSearchResultZero" tests="2" failures="0" timestamp="4 Jun 2019 12:23:28 GMT" time="107.606" errors="0">
  <testcase name="validateSelectOrgPageTwoDropDownTest" time="53.038" classname="com.doosan.nao.pagfactory.classOrderTest.SelectOrgSearchResultZero"/>
  <testcase name="validateSelectOrgPageTwoDropDownTest" time="54.568" classname="com.doosan.nao.pagfactory.classOrderTest.SelectOrgSearchResultZero"/>
</testsuite> <!-- com.doosan.nao.pagfactory.classOrderTest.SelectOrgSearchResultZero -->
