<?xml version="1.0" encoding="UTF-8"?>
<!-- Generated by org.testng.reporters.JUnitReportReporter -->
<testsuite hostname="Che-Lt-Rajak" name="com.doosan.nao.pagfactory.classOrderTest.SelectOrgSearchOptsInDropdwTest" tests="2" failures="0" timestamp="4 Jun 2019 12:23:28 GMT" time="164.730" errors="0">
  <testcase name="validateSelectOrgSearchOptionsInDropdownTest" time="78.929" classname="com.doosan.nao.pagfactory.classOrderTest.SelectOrgSearchOptsInDropdwTest"/>
  <testcase name="validateSelectOrgSearchOptionsInDropdownTest" time="85.801" classname="com.doosan.nao.pagfactory.classOrderTest.SelectOrgSearchOptsInDropdwTest"/>
</testsuite> <!-- com.doosan.nao.pagfactory.classOrderTest.SelectOrgSearchOptsInDropdwTest -->
