<?xml version="1.0" encoding="UTF-8"?>
<!-- Generated by org.testng.reporters.JUnitReportReporter -->
<testsuite skipped="0" hostname="Che-Lt-Rajak" name="com.doosan.nao.pagfactory.classOrderTest.SelectOrgExistenceTwoDropDown" tests="2" failures="0" timestamp="18 Jul 2019 10:05:09 GMT" time="150.097" errors="0">
  <testcase name="validateSelectOrgPageTwoDropDownTest" time="66.144" classname="com.doosan.nao.pagfactory.classOrderTest.SelectOrgExistenceTwoDropDown"/>
  <testcase name="validateSelectOrgPageTwoDropDownTest" time="83.953" classname="com.doosan.nao.pagfactory.classOrderTest.SelectOrgExistenceTwoDropDown"/>
</testsuite> <!-- com.doosan.nao.pagfactory.classOrderTest.SelectOrgExistenceTwoDropDown -->
