<?xml version="1.0" encoding="UTF-8"?>
<!-- Generated by org.testng.reporters.JUnitReportReporter -->
<testsuite hostname="Che-Lt-Rajak" name="com.doosan.nao.pagfactory.classOrderTest.SelectOrgPageUITest" tests="2" failures="0" timestamp="4 Jun 2019 12:23:28 GMT" time="165.451" errors="0">
  <testcase name="validateSelectOrgPageUITest" time="82.832" classname="com.doosan.nao.pagfactory.classOrderTest.SelectOrgPageUITest"/>
  <testcase name="validateSelectOrgPageUITest" time="82.619" classname="com.doosan.nao.pagfactory.classOrderTest.SelectOrgPageUITest"/>
</testsuite> <!-- com.doosan.nao.pagfactory.classOrderTest.SelectOrgPageUITest -->
