<?xml version="1.0" encoding="UTF-8"?>
<!-- Generated by org.testng.reporters.JUnitReportReporter -->
<testsuite hostname="che-lt-tvinoth" name="com.doosan.nao.classOrderTest.ClassFourOrderValidator" tests="2" failures="0" timestamp="18 Mar 2015 07:23:11 GMT" time="0.003" errors="0">
  <testcase name="ValidateClassFourOrderValidatorTest" time="0.001" classname="com.doosan.nao.classOrderTest.ClassFourOrderValidator"/>
  <testcase name="ValidateClassFourOrderValidatorTest" time="0.002" classname="com.doosan.nao.classOrderTest.ClassFourOrderValidator"/>
</testsuite> <!-- com.doosan.nao.classOrderTest.ClassFourOrderValidator -->
