<?xml version="1.0" encoding="UTF-8"?>
<!-- Generated by org.testng.reporters.JUnitReportReporter -->
<testsuite hostname="Che-Lt-Rajak" name="com.doosan.nao.pagfactory.classOrderTest.SelectOrgSearchCustomerNumTest2" tests="2" failures="0" timestamp="4 Jun 2019 12:23:28 GMT" time="109.560" errors="0">
  <testcase name="validateSelectOrgPageTwoDropDownTest" time="54.017" classname="com.doosan.nao.pagfactory.classOrderTest.SelectOrgSearchCustomerNumTest2"/>
  <testcase name="validateSelectOrgPageTwoDropDownTest" time="55.543" classname="com.doosan.nao.pagfactory.classOrderTest.SelectOrgSearchCustomerNumTest2"/>
</testsuite> <!-- com.doosan.nao.pagfactory.classOrderTest.SelectOrgSearchCustomerNumTest2 -->
