<?xml version="1.0" encoding="UTF-8"?>
<!-- Generated by org.testng.reporters.JUnitReportReporter -->
<testsuite hostname="Che-Lt-Rajak" name="com.doosan.nao.pagfactory.classOrderTest.quickOrderPageTest.QuickOrderPageUIElementsTest" tests="2" failures="0" timestamp="18 Jun 2019 05:45:25 GMT" time="260.586" errors="0">
  <testcase name="validateSelectOrgPageTwoDropDownTest" time="119.704" classname="com.doosan.nao.pagfactory.classOrderTest.quickOrderPageTest.QuickOrderPageUIElementsTest"/>
  <testcase name="validateSelectOrgPageTwoDropDownTest" time="140.882" classname="com.doosan.nao.pagfactory.classOrderTest.quickOrderPageTest.QuickOrderPageUIElementsTest"/>
</testsuite> <!-- com.doosan.nao.pagfactory.classOrderTest.quickOrderPageTest.QuickOrderPageUIElementsTest -->
