<?xml version="1.0" encoding="UTF-8"?>
<!-- Generated by org.testng.reporters.JUnitReportReporter -->
<testsuite skipped="0" hostname="Che-Lt-Rajak" name="com.doosan.nao.pagfactory.classOrderTest.quickOrderPageTest.QuickOrdValidateAddCartTwoError" tests="13" failures="0" timestamp="27 Jun 2019 11:20:54 GMT" time="1879.975" errors="0">
  <testcase name="validateSelectOrgPageTwoDropDownTest" time="122.027" classname="com.doosan.nao.pagfactory.classOrderTest.quickOrderPageTest.QuickOrdValidateAddCartTwoError"/>
  <testcase name="validateSelectOrgPageTwoDropDownTest" time="170.113" classname="com.doosan.nao.pagfactory.classOrderTest.quickOrderPageTest.QuickOrdValidateAddCartTwoError"/>
  <testcase name="validateSelectOrgPageTwoDropDownTest" time="151.949" classname="com.doosan.nao.pagfactory.classOrderTest.quickOrderPageTest.QuickOrdValidateAddCartTwoError"/>
  <testcase name="validateSelectOrgPageTwoDropDownTest" time="149.915" classname="com.doosan.nao.pagfactory.classOrderTest.quickOrderPageTest.QuickOrdValidateAddCartTwoError"/>
  <testcase name="validateSelectOrgPageTwoDropDownTest" time="133.695" classname="com.doosan.nao.pagfactory.classOrderTest.quickOrderPageTest.QuickOrdValidateAddCartTwoError"/>
  <testcase name="validateSelectOrgPageTwoDropDownTest" time="130.289" classname="com.doosan.nao.pagfactory.classOrderTest.quickOrderPageTest.QuickOrdValidateAddCartTwoError"/>
  <testcase name="validateSelectOrgPageTwoDropDownTest" time="159.914" classname="com.doosan.nao.pagfactory.classOrderTest.quickOrderPageTest.QuickOrdValidateAddCartTwoError"/>
  <testcase name="validateSelectOrgPageTwoDropDownTest" time="148.141" classname="com.doosan.nao.pagfactory.classOrderTest.quickOrderPageTest.QuickOrdValidateAddCartTwoError"/>
  <testcase name="validateSelectOrgPageTwoDropDownTest" time="132.781" classname="com.doosan.nao.pagfactory.classOrderTest.quickOrderPageTest.QuickOrdValidateAddCartTwoError"/>
  <testcase name="validateSelectOrgPageTwoDropDownTest" time="139.191" classname="com.doosan.nao.pagfactory.classOrderTest.quickOrderPageTest.QuickOrdValidateAddCartTwoError"/>
  <testcase name="validateSelectOrgPageTwoDropDownTest" time="151.609" classname="com.doosan.nao.pagfactory.classOrderTest.quickOrderPageTest.QuickOrdValidateAddCartTwoError"/>
  <testcase name="validateSelectOrgPageTwoDropDownTest" time="142.948" classname="com.doosan.nao.pagfactory.classOrderTest.quickOrderPageTest.QuickOrdValidateAddCartTwoError"/>
  <testcase name="validateSelectOrgPageTwoDropDownTest" time="147.403" classname="com.doosan.nao.pagfactory.classOrderTest.quickOrderPageTest.QuickOrdValidateAddCartTwoError"/>
</testsuite> <!-- com.doosan.nao.pagfactory.classOrderTest.quickOrderPageTest.QuickOrdValidateAddCartTwoError -->
