<?xml version="1.0" encoding="UTF-8"?>
<!-- Generated by org.testng.reporters.JUnitReportReporter -->
<testsuite hostname="che-lt-tvinoth" name="com.doosan.nao.classOrderTest.ClassOneOrderValidator" tests="2" failures="0" timestamp="18 Mar 2015 07:23:11 GMT" time="0.014" errors="0">
  <testcase name="ValidateClassOneOrderTest" time="0.007" classname="com.doosan.nao.classOrderTest.ClassOneOrderValidator"/>
  <testcase name="ValidateClassOneOrderTest" time="0.007" classname="com.doosan.nao.classOrderTest.ClassOneOrderValidator"/>
</testsuite> <!-- com.doosan.nao.classOrderTest.ClassOneOrderValidator -->
