<?xml version="1.0" encoding="UTF-8"?>
<!-- Generated by org.testng.reporters.JUnitReportReporter -->
<testsuite skipped="0" hostname="Che-Lt-Rajak" name="com.doosan.nao.pagfactory.classOrderTest.quickOrderPageTest.QuickOrdVerifyEmptyTableAddLine" tests="4" failures="0" timestamp="01 Jul 2019 13:34:14 GMT" time="690.830" errors="0">
  <testcase name="validateSelectOrgPageTwoDropDownTest" time="180.393" classname="com.doosan.nao.pagfactory.classOrderTest.quickOrderPageTest.QuickOrdVerifyEmptyTableAddLine"/>
  <testcase name="validateSelectOrgPageTwoDropDownTest" time="163.384" classname="com.doosan.nao.pagfactory.classOrderTest.quickOrderPageTest.QuickOrdVerifyEmptyTableAddLine"/>
  <testcase name="validateSelectOrgPageTwoDropDownTest" time="182.565" classname="com.doosan.nao.pagfactory.classOrderTest.quickOrderPageTest.QuickOrdVerifyEmptyTableAddLine"/>
  <testcase name="validateSelectOrgPageTwoDropDownTest" time="164.488" classname="com.doosan.nao.pagfactory.classOrderTest.quickOrderPageTest.QuickOrdVerifyEmptyTableAddLine"/>
</testsuite> <!-- com.doosan.nao.pagfactory.classOrderTest.quickOrderPageTest.QuickOrdVerifyEmptyTableAddLine -->
