<?xml version="1.0" encoding="UTF-8"?>
<!-- Generated by org.testng.reporters.JUnitReportReporter -->
<testsuite skipped="0" hostname="Che-Lt-Rajak" name="com.doosan.nao.pagfactory.classOrderTest.quickOrderPageTest.QuickOrdValAddMoreLines" tests="2" failures="0" timestamp="02 Jul 2019 10:08:30 GMT" time="227.038" errors="0">
  <testcase name="validateSelectOrgPageTwoDropDownTest" time="110.308" classname="com.doosan.nao.pagfactory.classOrderTest.quickOrderPageTest.QuickOrdValAddMoreLines"/>
  <testcase name="validateSelectOrgPageTwoDropDownTest" time="116.730" classname="com.doosan.nao.pagfactory.classOrderTest.quickOrderPageTest.QuickOrdValAddMoreLines"/>
</testsuite> <!-- com.doosan.nao.pagfactory.classOrderTest.quickOrderPageTest.QuickOrdValAddMoreLines -->
