<?xml version="1.0" encoding="UTF-8"?>
<!-- Generated by org.testng.reporters.JUnitReportReporter -->
<testsuite hostname="Che-Lt-Rajak" name="com.doosan.nao.pagfactory.classOrderTest.SelectOrgSearchTwoContains" tests="2" failures="0" timestamp="4 Jun 2019 12:23:28 GMT" time="113.201" errors="0">
  <testcase name="validateSelectOrgPageTwoDropDownTest" time="56.950" classname="com.doosan.nao.pagfactory.classOrderTest.SelectOrgSearchTwoContains"/>
  <testcase name="validateSelectOrgPageTwoDropDownTest" time="56.251" classname="com.doosan.nao.pagfactory.classOrderTest.SelectOrgSearchTwoContains"/>
</testsuite> <!-- com.doosan.nao.pagfactory.classOrderTest.SelectOrgSearchTwoContains -->
