<?xml version="1.0" encoding="UTF-8"?>
<!-- Generated by org.testng.reporters.JUnitReportReporter -->
<testsuite hostname="Che-Lt-Rajak" name="com.doosan.nao.pagfactory.classOrderTest.SelectOrgSearchOrgNameTest" tests="2" failures="0" timestamp="4 Jun 2019 12:23:28 GMT" time="124.065" errors="0">
  <testcase name="validateSelectOrgPageTwoDropDownTest" time="58.453" classname="com.doosan.nao.pagfactory.classOrderTest.SelectOrgSearchOrgNameTest"/>
  <testcase name="validateSelectOrgPageTwoDropDownTest" time="65.612" classname="com.doosan.nao.pagfactory.classOrderTest.SelectOrgSearchOrgNameTest"/>
</testsuite> <!-- com.doosan.nao.pagfactory.classOrderTest.SelectOrgSearchOrgNameTest -->
