<?xml version="1.0" encoding="UTF-8"?>
<!-- Generated by org.testng.reporters.JUnitReportReporter -->
<testsuite skipped="0" hostname="Che-Lt-Rajak" name="com.doosan.nao.pagfactory.classOrderTest.SelectOrgExistenceTwoDropDown" tests="2" failures="0" timestamp="23 Jul 2019 14:24:19 GMT" time="201.725" errors="0">
  <testcase name="validateSelectOrgPageTwoDropDownTest" time="106.818" classname="com.doosan.nao.pagfactory.classOrderTest.SelectOrgExistenceTwoDropDown"/>
  <testcase name="validateSelectOrgPageTwoDropDownTest" time="94.907" classname="com.doosan.nao.pagfactory.classOrderTest.SelectOrgExistenceTwoDropDown"/>
</testsuite> <!-- com.doosan.nao.pagfactory.classOrderTest.SelectOrgExistenceTwoDropDown -->
