<?xml version="1.0" encoding="UTF-8"?>
<!-- Generated by org.testng.reporters.JUnitReportReporter -->
<testsuite hostname="Che-Lt-Rajak" name="com.doosan.nao.pagfactory.classOrderTest.SelectOrgSearchByBrand" tests="2" failures="0" timestamp="7 Jun 2019 12:04:33 GMT" time="500.021" errors="0">
  <testcase name="validateSelectOrgPageTwoDropDownTest" time="95.429" classname="com.doosan.nao.pagfactory.classOrderTest.SelectOrgSearchByBrand"/>
  <testcase name="validateSelectOrgPageTwoDropDownTest" time="404.592" classname="com.doosan.nao.pagfactory.classOrderTest.SelectOrgSearchByBrand"/>
</testsuite> <!-- com.doosan.nao.pagfactory.classOrderTest.SelectOrgSearchByBrand -->
