<?xml version="1.0" encoding="UTF-8"?>
<!-- Generated by org.testng.reporters.JUnitReportReporter -->
<testsuite hostname="Che-Lt-Rajak" name="com.doosan.nao.pagfactory.classOrderTest.SelectOrgResultPerPageTest" tests="4" failures="0" timestamp="4 Jun 2019 12:23:28 GMT" time="279.294" errors="0">
  <testcase name="validateSelectOrgSearchOptionsInDropdownTest" time="63.450" classname="com.doosan.nao.pagfactory.classOrderTest.SelectOrgResultPerPageTest"/>
  <testcase name="validateSelectOrgSearchOptionsInDropdownTest" time="81.561" classname="com.doosan.nao.pagfactory.classOrderTest.SelectOrgResultPerPageTest"/>
  <testcase name="validateSelectOrgSearchOptionsInDropdownTest" time="72.406" classname="com.doosan.nao.pagfactory.classOrderTest.SelectOrgResultPerPageTest"/>
  <testcase name="validateSelectOrgSearchOptionsInDropdownTest" time="61.877" classname="com.doosan.nao.pagfactory.classOrderTest.SelectOrgResultPerPageTest"/>
</testsuite> <!-- com.doosan.nao.pagfactory.classOrderTest.SelectOrgResultPerPageTest -->
