<?xml version="1.0" encoding="UTF-8"?>
<!-- Generated by org.testng.reporters.JUnitReportReporter -->
<testsuite hostname="Che-Lt-Rajak" name="com.doosan.nao.pagfactory.classOrderTest.SelOrgSrchByCityStateTest" tests="3" failures="0" timestamp="4 Jun 2019 12:23:28 GMT" time="180.843" errors="0">
  <testcase name="validateSelectOrgPageTwoDropDownTest" time="54.301" classname="com.doosan.nao.pagfactory.classOrderTest.SelOrgSrchByCityStateTest"/>
  <testcase name="validateSelectOrgPageTwoDropDownTest" time="59.998" classname="com.doosan.nao.pagfactory.classOrderTest.SelOrgSrchByCityStateTest"/>
  <testcase name="validateSelectOrgPageTwoDropDownTest" time="66.544" classname="com.doosan.nao.pagfactory.classOrderTest.SelOrgSrchByCityStateTest"/>
</testsuite> <!-- com.doosan.nao.pagfactory.classOrderTest.SelOrgSrchByCityStateTest -->
