<?xml version="1.0" encoding="UTF-8"?>
<!-- Generated by org.testng.reporters.JUnitReportReporter -->
<testsuite skipped="0" hostname="Che-Lt-Rajak" name="com.doosan.nao.pagfactory.classOrderTest.quickOrderPageTest.QuickOrdVerifyEmptyTableAddCart" tests="4" failures="0" timestamp="01 Jul 2019 10:01:09 GMT" time="427.948" errors="0">
  <testcase name="validateSelectOrgPageTwoDropDownTest" time="104.128" classname="com.doosan.nao.pagfactory.classOrderTest.quickOrderPageTest.QuickOrdVerifyEmptyTableAddCart"/>
  <testcase name="validateSelectOrgPageTwoDropDownTest" time="109.801" classname="com.doosan.nao.pagfactory.classOrderTest.quickOrderPageTest.QuickOrdVerifyEmptyTableAddCart"/>
  <testcase name="validateSelectOrgPageTwoDropDownTest" time="104.932" classname="com.doosan.nao.pagfactory.classOrderTest.quickOrderPageTest.QuickOrdVerifyEmptyTableAddCart"/>
  <testcase name="validateSelectOrgPageTwoDropDownTest" time="109.087" classname="com.doosan.nao.pagfactory.classOrderTest.quickOrderPageTest.QuickOrdVerifyEmptyTableAddCart"/>
</testsuite> <!-- com.doosan.nao.pagfactory.classOrderTest.quickOrderPageTest.QuickOrdVerifyEmptyTableAddCart -->
