<?xml version="1.0" encoding="UTF-8"?>
<!-- Generated by org.testng.reporters.JUnitReportReporter -->
<testsuite hostname="Che-Lt-Rajak" name="com.doosan.nao.pagfactory.classOrderTest.quickOrderPageTest.QuickOrdVerifyEnterValues" tests="2" failures="0" timestamp="19 Jun 2019 12:52:52 GMT" time="202.227" errors="0">
  <testcase name="validateSelectOrgPageTwoDropDownTest" time="87.710" classname="com.doosan.nao.pagfactory.classOrderTest.quickOrderPageTest.QuickOrdVerifyEnterValues"/>
  <testcase name="validateSelectOrgPageTwoDropDownTest" time="114.517" classname="com.doosan.nao.pagfactory.classOrderTest.quickOrderPageTest.QuickOrdVerifyEnterValues"/>
</testsuite> <!-- com.doosan.nao.pagfactory.classOrderTest.quickOrderPageTest.QuickOrdVerifyEnterValues -->
