<?xml version="1.0" encoding="UTF-8"?>
<!-- Generated by org.testng.reporters.JUnitReportReporter -->
<testsuite hostname="Che-Lt-Rajak" name="com.doosan.nao.pagfactory.classOrderTest.SelectOrgIsOptionDisabledTest" tests="2" failures="0" timestamp="4 Jun 2019 12:23:28 GMT" time="126.888" errors="0">
  <testcase name="validateSelectOrgSearchOptionsInDropdownTest" time="57.228" classname="com.doosan.nao.pagfactory.classOrderTest.SelectOrgIsOptionDisabledTest"/>
  <testcase name="validateSelectOrgSearchOptionsInDropdownTest" time="69.660" classname="com.doosan.nao.pagfactory.classOrderTest.SelectOrgIsOptionDisabledTest"/>
</testsuite> <!-- com.doosan.nao.pagfactory.classOrderTest.SelectOrgIsOptionDisabledTest -->
